[debug] [2023-06-06T01:44:11.014Z] ----------------------------------------------------------------------
[debug] [2023-06-06T01:44:11.017Z] Command:       C:\Program Files\nodejs\node.exe C:\Users\DenniKnudsen\AppData\Roaming\npm\node_modules\firebase-tools\lib\bin\firebase.js init
[debug] [2023-06-06T01:44:11.017Z] CLI Version:   11.16.0
[debug] [2023-06-06T01:44:11.017Z] Platform:      win32
[debug] [2023-06-06T01:44:11.018Z] Node Version:  v16.14.2
[debug] [2023-06-06T01:44:11.019Z] Time:          Tue Jun 06 2023 03:44:11 GMT+0200 (Central European Summer Time)
[debug] [2023-06-06T01:44:11.019Z] ----------------------------------------------------------------------
[debug] 
[debug] [2023-06-06T01:44:11.023Z] >>> [apiv2][query] GET https://firebase-public.firebaseio.com/cli.json [none]
[debug] [2023-06-06T01:44:11.051Z] > command requires scopes: ["email","openid","https://www.googleapis.com/auth/cloudplatformprojects.readonly","https://www.googleapis.com/auth/firebase","https://www.googleapis.com/auth/cloud-platform"]
[debug] [2023-06-06T01:44:11.052Z] > authorizing via signed-in user (denn3605@gmail.com)
[info] 
     ######## #### ########  ######## ########     ###     ######  ########
     ##        ##  ##     ## ##       ##     ##  ##   ##  ##       ##
     ######    ##  ########  ######   ########  #########  ######  ######
     ##        ##  ##    ##  ##       ##     ## ##     ##       ## ##
     ##       #### ##     ## ######## ########  ##     ##  ######  ########

You're about to initialize a Firebase project in this directory:

  C:\Users\DenniKnudsen\OneDrive\Dokumenter\Multimedia Design\Semester projects\4. semester\Hjemmeside\Starup_Møbel_Design\website

[debug] [2023-06-06T01:44:11.341Z] <<< [apiv2][status] GET https://firebase-public.firebaseio.com/cli.json 200
[debug] [2023-06-06T01:44:11.341Z] <<< [apiv2][body] GET https://firebase-public.firebaseio.com/cli.json {"cloudBuildErrorAfter":1594252800000,"cloudBuildWarnAfter":1590019200000,"defaultNode10After":1594252800000,"minVersion":"3.0.5","node8DeploysDisabledAfter":1613390400000,"node8RuntimeDisabledAfter":1615809600000,"node8WarnAfter":1600128000000}
